2023-02-20 13:38:30,559 :INFO : test_e23 :Getting all the cad titles
2023-02-20 13:38:30,814 :INFO : test_e23 :['iphone X', 'Samsung Note 8']
2023-02-20 13:38:31,278 :INFO : test_e23 :Entering country name as ind
2023-02-20 13:38:36,991 :INFO : test_e23 : Text Received from application is   :- ×
Success! Thank you! Your order will be delivered in next few weeks :-).
2023-02-20 13:44:40,399 :INFO : test_e23 :Getting all the cad titles
2023-02-20 13:44:40,540 :INFO : test_e23 :['iphone X', 'Samsung Note 8']
2023-02-20 13:44:40,685 :INFO : test_e23 :Entering country name as ind
2023-02-20 13:44:45,997 :INFO : test_e23 : Text Received from application is   :- ×
Success! Thank you! Your order will be delivered in next few weeks :-).
2023-02-20 13:48:04,664 :INFO : test_e23 :Getting all the cad titles
2023-02-20 13:48:04,849 :INFO : test_e23 :['iphone X', 'Samsung Note 8']
2023-02-20 13:48:05,008 :INFO : test_e23 :Entering country name as ind
2023-02-20 13:48:10,395 :INFO : test_e23 : Text Received from application is   :- ×
Success! Thank you! Your order will be delivered in next few weeks :-).
2023-02-20 15:22:26,140 :INFO : test_e23 :Getting all the cad titles
2023-02-20 15:22:26,307 :INFO : test_e23 :['iphone X', 'Samsung Note 8']
2023-02-20 15:22:26,442 :INFO : test_e23 :Entering country name as ind
2023-02-20 15:22:31,786 :INFO : test_e23 : Text Received from application is   :- ×
Success! Thank you! Your order will be delivered in next few weeks :-).
2023-02-20 15:22:37,272 :INFO : test_e23 :Getting all the cad titles
2023-02-20 15:22:37,375 :INFO : test_e23 :['iphone X', 'Samsung Note 8']
2023-02-20 15:22:37,515 :INFO : test_e23 :Entering country name as ind
2023-02-20 15:22:42,858 :INFO : test_e23 : Text Received from application is   :- ×
Success! Thank you! Your order will be delivered in next few weeks :-).
2023-02-20 16:19:55,026 :INFO : test_e23 :Getting all the cad titles
2023-02-20 16:19:55,162 :INFO : test_e23 :['iphone X', 'Samsung Note 8']
2023-02-20 16:19:55,302 :INFO : test_e23 :Entering country name as ind
2023-02-20 16:20:00,644 :INFO : test_e23 : Text Received from application is   :- ×
Success! Thank you! Your order will be delivered in next few weeks :-).
2023-02-20 16:20:22,342 :INFO : test_e23 :Getting all the cad titles
2023-02-20 16:20:22,494 :INFO : test_e23 :['iphone X', 'Samsung Note 8']
2023-02-20 16:20:22,643 :INFO : test_e23 :Entering country name as ind
2023-02-20 16:20:27,967 :INFO : test_e23 : Text Received from application is   :- ×
Success! Thank you! Your order will be delivered in next few weeks :-).
2023-02-20 16:22:32,475 :INFO : test_e23 :Getting all the cad titles
2023-02-20 16:22:32,622 :INFO : test_e23 :['iphone X', 'Samsung Note 8']
2023-02-20 16:22:32,767 :INFO : test_e23 :Entering country name as ind
2023-02-20 16:22:38,141 :INFO : test_e23 : Text Received from application is   :- ×
Success! Thank you! Your order will be delivered in next few weeks :-).
2023-02-20 16:22:43,774 :INFO : test_e23 :Getting all the cad titles
2023-02-20 16:22:43,944 :INFO : test_e23 :['iphone X', 'Samsung Note 8']
2023-02-20 16:22:44,094 :INFO : test_e23 :Entering country name as ind
2023-02-20 16:22:49,378 :INFO : test_e23 : Text Received from application is   :- ×
Success! Thank you! Your order will be delivered in next few weeks :-).
2023-02-20 18:11:07,586 :INFO : test_e23 :Getting all the cad titles
2023-02-20 18:11:07,748 :INFO : test_e23 :['iphone X', 'Samsung Note 8']
2023-02-20 18:11:07,878 :INFO : test_e23 :Entering country name as ind
2023-02-20 18:11:13,211 :INFO : test_e23 : Text Received from application is   :- ×
Success! Thank you! Your order will be delivered in next few weeks :-).
2023-02-20 18:12:11,327 :INFO : test_e23 :Getting all the cad titles
2023-02-20 18:12:11,510 :INFO : test_e23 :['iphone X', 'Samsung Note 8']
2023-02-20 18:12:11,653 :INFO : test_e23 :Entering country name as ind
2023-02-20 18:12:16,970 :INFO : test_e23 : Text Received from application is   :- ×
Success! Thank you! Your order will be delivered in next few weeks :-).
2023-02-20 18:12:56,410 :INFO : test_e23 :Getting all the cad titles
2023-02-20 18:12:56,549 :INFO : test_e23 :['iphone X', 'Samsung Note 8']
2023-02-20 18:12:56,675 :INFO : test_e23 :Entering country name as ind
2023-02-20 18:13:01,952 :INFO : test_e23 : Text Received from application is   :- ×
Success! Thank you! Your order will be delivered in next few weeks :-).
2023-02-20 18:24:15,215 :INFO : test_e23 :Getting all the cad titles
2023-02-20 18:24:15,370 :INFO : test_e23 :['iphone X', 'Samsung Note 8']
2023-02-20 18:24:15,513 :INFO : test_e23 :Entering country name as ind
2023-02-20 18:24:20,866 :INFO : test_e23 : Text Received from application is   :- ×
Success! Thank you! Your order will be delivered in next few weeks :-).
2023-02-20 18:48:33,500 :INFO : test_e23 :Getting all the cad titles
2023-02-20 18:48:33,671 :INFO : test_e23 :['iphone X', 'Samsung Note 8']
2023-02-20 18:48:33,861 :INFO : test_e23 :Entering country name as ind
2023-02-20 18:48:39,205 :INFO : test_e23 : Text Received from application is   :- ×
Success! Thank you! Your order will be delivered in next few weeks :-).
